SQL> 
SQL> -- Execute the script file. --
SQL> start &&1
SQL> -- 4. Stored Function --------------------------------------------------
SQL> -- a
SQL> create or replace function deptavgsal(
  2    depnum in Table.name%type default null
  3  ) return number
  4  as
  5    avgsal number;
  6  begin
  7    if depnum is null then
  8  	 return -1;
  9    else
 10    if depnum not in (select dNumber from DEPARTMENT) then
 11  	 return -2;
 12    else
 13  	 select avg(e.salary) into avgsal
 14  	 from EMPLOYEE e, DEPARTMENT d,
 15  	 where e.Dno = d.Dnumber
 16  	 and d.Dnumber = depnum;
 17  	 return avgsal
 18    end if;
 19  end;
 20  /

Warning: Function created with compilation errors.

SQL> 
SQL> show errors
Errors for FUNCTION DEPTAVGSAL:

LINE/COL ERROR                                                                  
-------- -----------------------------------------------------------------      
2/18     PLS-00103: Encountered the symbol "." when expecting one of the        
         following:                                                             
         := ) , default character                                               
                                                                                
SQL> 
SQL> -- call function
SQL> select deptavgsal(5);
select deptavgsal(5)
                   *
ERROR at line 1:
ORA-00923: FROM keyword not found where expected 
Help: https://docs.oracle.com/error-help/db/ora-00923/ 


SQL> 
SQL> drop function deptavgsal;

Function dropped.

SQL> 
SQL> commit;

Commit complete.

SQL> SQL> 
SQL> -- Restore the options to their default values. --
SQL> spool off
