SQL> 
SQL> -- Execute the script file. --
SQL> start &&1
SQL> -- 5. Triggers --------------------------------------------------
SQL> 
SQL> -- a
SQL> create table audit_trail (audit_record varchar(500));

Table created.

SQL> 
SQL> 
SQL> -- b
SQL> create or replace trigger before_table
  2  before update of Salary on EMPLOYEE
  3  begin
  4    insert into audit_trail (audit_record)
  5    values ('Before_table trigger fired.');
  6  end;
  7  /

Trigger created.

SQL> 
SQL> create or replace trigger after_table
  2  after update of Salary on EMPLOYEE
  3  begin
  4    insert into audit_trail (audit_record)
  5    values ('After_table trigger fired.');
  6  end;
  7  /

Trigger created.

SQL> 
SQL> create or replace trigger before_row
  2  before update of Salary on EMPLOYEE
  3  for each row
  4  begin
  5    insert into audit_trail (audit_record)
  6    values ('Before_row trigger fired.');
  7  end;
  8  /

Trigger created.

SQL> 
SQL> create or replace trigger after_row
  2  after update of Salary on EMPLOYEE
  3  for each row
  4  begin
  5    insert into audit_trail (audit_record)
  6    values ('After_row trigger fired.');
  7  end;
  8  /

Trigger created.

SQL> 
SQL> 
SQL> -- c
SQL> update EMPLOYEE
  2  set Salary = Salary * 1.1;

8 rows updated.

SQL> 
SQL> 
SQL> -- d
SQL> select * from audit_trail;

AUDIT_RECORD                                                                    
--------------------------------------------------------------------------------
Before_table trigger fired.                                                     
Before_row trigger fired.                                                       
After_row trigger fired.                                                        
Before_row trigger fired.                                                       
After_row trigger fired.                                                        
Before_row trigger fired.                                                       
After_row trigger fired.                                                        
Before_row trigger fired.                                                       
After_row trigger fired.                                                        
Before_row trigger fired.                                                       
After_row trigger fired.                                                        

AUDIT_RECORD                                                                    
--------------------------------------------------------------------------------
Before_row trigger fired.                                                       
After_row trigger fired.                                                        
Before_row trigger fired.                                                       
After_row trigger fired.                                                        
Before_row trigger fired.                                                       
After_row trigger fired.                                                        
After_table trigger fired.                                                      

18 rows selected.

SQL> 
SQL> 
SQL> -- e
SQL> drop table audit_trail;

Table dropped.

SQL> drop trigger before_table;

Trigger dropped.

SQL> drop trigger after_table;

Trigger dropped.

SQL> drop trigger before_row;

Trigger dropped.

SQL> drop trigger after_row;

Trigger dropped.

SQL> 
SQL> 
SQL> -- f
SQL> update EMPLOYEE
  2  set Salary = Salary * 10/11;

8 rows updated.

SQL> SQL> 
SQL> -- Restore the options to their default values. --
SQL> spool off
