SQL> 
SQL> 
SQL> -- Execute scripts  -------------------------------------------
SQL> 
SQL> start &&1
SQL> BEGIN
  2  	-- Drop all triggers
  3  	FOR rec IN (SELECT trigger_name, table_name FROM user_triggers) LOOP
  4  	   EXECUTE IMMEDIATE 'DROP TRIGGER ' || rec.trigger_name;
  5  	END LOOP;
  6  
  7  	-- Drop all views
  8  	FOR rec IN (SELECT view_name FROM user_views) LOOP
  9  	   EXECUTE IMMEDIATE 'DROP VIEW ' || rec.view_name;
 10  	END LOOP;
 11  
 12  	-- Drop all functions
 13  	FOR rec IN (SELECT object_name FROM user_objects WHERE object_type = 'FUNCTION') LOOP
 14  	   EXECUTE IMMEDIATE 'DROP FUNCTION ' || rec.object_name;
 15  	END LOOP;
 16  
 17  	-- Drop all procedures
 18  	FOR rec IN (SELECT object_name FROM user_objects WHERE object_type = 'PROCEDURE') LOOP
 19  	   EXECUTE IMMEDIATE 'DROP PROCEDURE ' || rec.object_name;
 20  	END LOOP;
 21  
 22  	-- Drop all packages
 23  	FOR rec IN (SELECT object_name FROM user_objects WHERE object_type = 'PACKAGE') LOOP
 24  	   EXECUTE IMMEDIATE 'DROP PACKAGE ' || rec.object_name;
 25  	END LOOP;
 26  
 27  	-- Drop all package bodies
 28  	FOR rec IN (SELECT object_name FROM user_objects WHERE object_type = 'PACKAGE BODY') LOOP
 29  	   EXECUTE IMMEDIATE 'DROP PACKAGE BODY ' || rec.object_name;
 30  	END LOOP;
 31  
 32  	-- Drop all tables
 33  	FOR rec IN (SELECT table_name FROM user_tables) LOOP
 34  	   EXECUTE IMMEDIATE 'DROP TABLE ' || rec.table_name || ' CASCADE CONSTRAINTS';
 35  	END LOOP;
 36  
 37  	-- Drop all indexes
 38  	FOR rec IN (SELECT index_name, table_name FROM user_indexes) LOOP
 39  	   EXECUTE IMMEDIATE 'DROP INDEX ' || rec.index_name;
 40  	END LOOP;
 41  
 42  END;
 43  /

PL/SQL procedure successfully completed.

SQL> 
SQL> SQL> 
SQL> 
SQL> -- Restore options --------------------------------------------
SQL> 
SQL> spool off
